Arguments: 
  /usr/local/bin/node /usr/local/bin/yarn

PATH: 
  /usr/local/bin:/usr/bin:/bin:/usr/sbin:/sbin:/Library/Apple/usr/bin:/Library/Apple/bin:/Applications/VMware Fusion.app/Contents/Public:/Library/TeX/texbin

Yarn version: 
  1.19.1

Node version: 
  10.16.3

Platform: 
  darwin x64

Trace: 
  Error: ENOENT: no such file or directory, copyfile '/usr/local/share/Library/Caches/Yarn/v6/npm-has-values-0.1.4-6d61de95d91dfca9b9a02089ad384bff8f62b771-integrity/node_modules/has-values/LICENSE' -> '/Users/novelistchan/Documents/Form-Antd/node_modules/unset-value/node_modules/has-values/LICENSE'

npm manifest: 
  {
    "name": "form-antd-local",
    "main": "dist/main.js",
    "version": "0.1.8",
    "dependencies": {
      "antd": "^3.25.2",
      "react": "^16.12.0",
      "react-dom": "^16.12.0",
      "react-scripts": "3.2.0"
    },
    "scripts": {
      "start": "react-scripts start",
      "build": "react-scripts build",
      "test": "react-scripts test",
      "eject": "react-scripts eject"
    },
    "eslintConfig": {
      "extends": "react-app"
    },
    "browserslist": {
      "production": [
        ">0.2%",
        "not dead",
        "not op_mini all"
      ],
      "development": [
        "last 1 chrome version",
        "last 1 firefox version",
        "last 1 safari version"
      ]
    },
    "devDependencies": {
      "@babel/core": "^7.6.4",
      "@babel/plugin-proposal-class-properties": "^7.5.5",
      "@babel/preset-env": "^7.6.3",
      "@babel/preset-react": "^7.6.3",
      "babel-loader": "^8.0.6",
      "css-loader": "^3.2.0",
      "style-loader": "^1.0.0"
    }
  }

yarn manifest: 
  No manifest

Lockfile: 
  No lockfile
